# JRE version: OpenJDK Runtime Environment Temurin-17.0.11+9 (17.0.11+9) (build 17.0.11+9)
# Java VM: OpenJDK Client VM Temurin-17.0.11+9 (17.0.11+9, mixed mode, emulated-client, serial gc, windows-x86)
GC Precious Log:
 CPUs: 12 total, 12 available
 Memory: 7501M
 Large Page Support: Disabled
 NUMA Support: Disabled
 Compressed Oops: Disabled
 Heap Min Capacity: 6M
 Heap Initial Capacity: 16M
 Heap Max Capacity: 1536M
 Pre-touch: Disabled
Heap:
 def new generation   total 161664K, used 53908K [0x05a00000, 0x10960000, 0x25a00000)
  eden space 143744K,  32% used [0x05a00000, 0x087524e0, 0x0e660000)
  from space 17920K,  41% used [0x0f7e0000, 0x0ff32eb8, 0x10960000)
  to   space 17920K,   0% used [0x0e660000, 0x0e660000, 0x0f7e0000)
 tenured generation   total 357520K, used 279793K [0x25a00000, 0x3b724000, 0x65a00000)
   the space 357520K,  78% used [0x25a00000, 0x36b3c6d0, 0x36b3c800, 0x3b724000)
 Metaspace       used 96915K, committed 97536K, reserved 98304K
GC Heap History (20 events):
Event: 36.035 GC heap before
{Heap before GC invocations=105 (full 7):
 def new generation   total 161664K, used 148317K [0x05a00000, 0x10960000, 0x25a00000)
  eden space 143744K, 100% used [0x05a00000, 0x0e660000, 0x0e660000)
  from space 17920K,  25% used [0x0f7e0000, 0x0fc57570, 0x10960000)
  to   space 17920K,   0% used [0x0e660000, 0x0e660000, 0x0f7e0000)
 tenured generation   total 357520K, used 269998K [0x25a00000, 0x3b724000, 0x65a00000)
   the space 357520K,  75% used [0x25a00000, 0x361ab980, 0x361aba00, 0x3b724000)
 Metaspace       used 93658K, committed 94272K, reserved 98304K
}
Event: 36.047 GC heap after
{Heap after GC invocations=106 (full 7):
 def new generation   total 161664K, used 4940K [0x05a00000, 0x10960000, 0x25a00000)
  eden space 143744K,   0% used [0x05a00000, 0x05a00000, 0x0e660000)
  from space 17920K,  27% used [0x0e660000, 0x0eb332b8, 0x0f7e0000)
  to   space 17920K,   0% used [0x0f7e0000, 0x0f7e0000, 0x10960000)
 tenured generation   total 357520K, used 269998K [0x25a00000, 0x3b724000, 0x65a00000)
   the space 357520K,  75% used [0x25a00000, 0x361ab980, 0x361aba00, 0x3b724000)
 Metaspace       used 93658K, committed 94272K, reserved 98304K
}
Event: 36.143 GC heap before
{Heap before GC invocations=106 (full 7):
 def new generation   total 161664K, used 148684K [0x05a00000, 0x10960000, 0x25a00000)
  eden space 143744K, 100% used [0x05a00000, 0x0e660000, 0x0e660000)
  from space 17920K,  27% used [0x0e660000, 0x0eb332b8, 0x0f7e0000)
  to   space 17920K,   0% used [0x0f7e0000, 0x0f7e0000, 0x10960000)
 tenured generation   total 357520K, used 269998K [0x25a00000, 0x3b724000, 0x65a00000)
   the space 357520K,  75% used [0x25a00000, 0x361ab980, 0x361aba00, 0x3b724000)
 Metaspace       used 93659K, committed 94272K, reserved 98304K
}
Event: 36.155 GC heap after
{Heap after GC invocations=107 (full 7):
 def new generation   total 161664K, used 4705K [0x05a00000, 0x10960000, 0x25a00000)
  eden space 143744K,   0% used [0x05a00000, 0x05a00000, 0x0e660000)
  from space 17920K,  26% used [0x0f7e0000, 0x0fc785e0, 0x10960000)
  to   space 17920K,   0% used [0x0e660000, 0x0e660000, 0x0f7e0000)
 tenured generation   total 357520K, used 269998K [0x25a00000, 0x3b724000, 0x65a00000)
   the space 357520K,  75% used [0x25a00000, 0x361ab980, 0x361aba00, 0x3b724000)
 Metaspace       used 93659K, committed 94272K, reserved 98304K
}
Event: 36.272 GC heap before
{Heap before GC invocations=107 (full 7):
 def new generation   total 161664K, used 148449K [0x05a00000, 0x10960000, 0x25a00000)
  eden space 143744K, 100% used [0x05a00000, 0x0e660000, 0x0e660000)
  from space 17920K,  26% used [0x0f7e0000, 0x0fc785e0, 0x10960000)
  to   space 17920K,   0% used [0x0e660000, 0x0e660000, 0x0f7e0000)
 tenured generation   total 357520K, used 269998K [0x25a00000, 0x3b724000, 0x65a00000)
   the space 357520K,  75% used [0x25a00000, 0x361ab980, 0x361aba00, 0x3b724000)
 Metaspace       used 93664K, committed 94272K, reserved 98304K
}
Event: 36.284 GC heap after
{Heap after GC invocations=108 (full 7):
 def new generation   total 161664K, used 4731K [0x05a00000, 0x10960000, 0x25a00000)
  eden space 143744K,   0% used [0x05a00000, 0x05a00000, 0x0e660000)
  from space 17920K,  26% used [0x0e660000, 0x0eafed30, 0x0f7e0000)
  to   space 17920K,   0% used [0x0f7e0000, 0x0f7e0000, 0x10960000)
 tenured generation   total 357520K, used 269998K [0x25a00000, 0x3b724000, 0x65a00000)
   the space 357520K,  75% used [0x25a00000, 0x361ab980, 0x361aba00, 0x3b724000)
 Metaspace       used 93664K, committed 94272K, reserved 98304K
}
Event: 36.765 GC heap before
{Heap before GC invocations=108 (full 7):
 def new generation   total 161664K, used 148475K [0x05a00000, 0x10960000, 0x25a00000)
  eden space 143744K, 100% used [0x05a00000, 0x0e660000, 0x0e660000)
  from space 17920K,  26% used [0x0e660000, 0x0eafed30, 0x0f7e0000)
  to   space 17920K,   0% used [0x0f7e0000, 0x0f7e0000, 0x10960000)
 tenured generation   total 357520K, used 269998K [0x25a00000, 0x3b724000, 0x65a00000)
   the space 357520K,  75% used [0x25a00000, 0x361ab980, 0x361aba00, 0x3b724000)
 Metaspace       used 94087K, committed 94656K, reserved 98304K
}
Event: 36.784 GC heap after
{Heap after GC invocations=109 (full 7):
 def new generation   total 161664K, used 7412K [0x05a00000, 0x10960000, 0x25a00000)
  eden space 143744K,   0% used [0x05a00000, 0x05a00000, 0x0e660000)
  from space 17920K,  41% used [0x0f7e0000, 0x0ff1d2e8, 0x10960000)
  to   space 17920K,   0% used [0x0e660000, 0x0e660000, 0x0f7e0000)
 tenured generation   total 357520K, used 269998K [0x25a00000, 0x3b724000, 0x65a00000)
   the space 357520K,  75% used [0x25a00000, 0x361ab980, 0x361aba00, 0x3b724000)
 Metaspace       used 94087K, committed 94656K, reserved 98304K
}
Event: 37.504 GC heap before
{Heap before GC invocations=109 (full 7):
 def new generation   total 161664K, used 151156K [0x05a00000, 0x10960000, 0x25a00000)
  eden space 143744K, 100% used [0x05a00000, 0x0e660000, 0x0e660000)
  from space 17920K,  41% used [0x0f7e0000, 0x0ff1d2e8, 0x10960000)
  to   space 17920K,   0% used [0x0e660000, 0x0e660000, 0x0f7e0000)
 tenured generation   total 357520K, used 269998K [0x25a00000, 0x3b724000, 0x65a00000)
   the space 357520K,  75% used [0x25a00000, 0x361ab980, 0x361aba00, 0x3b724000)
 Metaspace       used 95717K, committed 96320K, reserved 98304K
}
Event: 37.538 GC heap after
{Heap after GC invocations=110 (full 7):
 def new generation   total 161664K, used 9664K [0x05a00000, 0x10960000, 0x25a00000)
  eden space 143744K,   0% used [0x05a00000, 0x05a00000, 0x0e660000)
  from space 17920K,  53% used [0x0e660000, 0x0efd02a0, 0x0f7e0000)
  to   space 17920K,   0% used [0x0f7e0000, 0x0f7e0000, 0x10960000)
 tenured generation   total 357520K, used 269998K [0x25a00000, 0x3b724000, 0x65a00000)
   the space 357520K,  75% used [0x25a00000, 0x361ab980, 0x361aba00, 0x3b724000)
 Metaspace       used 95717K, committed 96320K, reserved 98304K
}
Event: 37.754 GC heap before
{Heap before GC invocations=110 (full 7):
 def new generation   total 161664K, used 153408K [0x05a00000, 0x10960000, 0x25a00000)
  eden space 143744K, 100% used [0x05a00000, 0x0e660000, 0x0e660000)
  from space 17920K,  53% used [0x0e660000, 0x0efd02a0, 0x0f7e0000)
  to   space 17920K,   0% used [0x0f7e0000, 0x0f7e0000, 0x10960000)
 tenured generation   total 357520K, used 269998K [0x25a00000, 0x3b724000, 0x65a00000)
   the space 357520K,  75% used [0x25a00000, 0x361ab980, 0x361aba00, 0x3b724000)
 Metaspace       used 95883K, committed 96512K, reserved 98304K
}
Event: 37.785 GC heap after
{Heap after GC invocations=111 (full 7):
 def new generation   total 161664K, used 9417K [0x05a00000, 0x10960000, 0x25a00000)
  eden space 143744K,   0% used [0x05a00000, 0x05a00000, 0x0e660000)
  from space 17920K,  52% used [0x0f7e0000, 0x10112498, 0x10960000)
  to   space 17920K,   0% used [0x0e660000, 0x0e660000, 0x0f7e0000)
 tenured generation   total 357520K, used 270940K [0x25a00000, 0x3b724000, 0x65a00000)
   the space 357520K,  75% used [0x25a00000, 0x362973b0, 0x36297400, 0x3b724000)
 Metaspace       used 95883K, committed 96512K, reserved 98304K
}
Event: 37.893 GC heap before
{Heap before GC invocations=111 (full 7):
 def new generation   total 161664K, used 153161K [0x05a00000, 0x10960000, 0x25a00000)
  eden space 143744K, 100% used [0x05a00000, 0x0e660000, 0x0e660000)
  from space 17920K,  52% used [0x0f7e0000, 0x10112498, 0x10960000)
  to   space 17920K,   0% used [0x0e660000, 0x0e660000, 0x0f7e0000)
 tenured generation   total 357520K, used 270940K [0x25a00000, 0x3b724000, 0x65a00000)
   the space 357520K,  75% used [0x25a00000, 0x362973b0, 0x36297400, 0x3b724000)
 Metaspace       used 95919K, committed 96512K, reserved 98304K
}
Event: 37.913 GC heap after
{Heap after GC invocations=112 (full 7):
 def new generation   total 161664K, used 9182K [0x05a00000, 0x10960000, 0x25a00000)
  eden space 143744K,   0% used [0x05a00000, 0x05a00000, 0x0e660000)
  from space 17920K,  51% used [0x0e660000, 0x0ef57900, 0x0f7e0000)
  to   space 17920K,   0% used [0x0f7e0000, 0x0f7e0000, 0x10960000)
 tenured generation   total 357520K, used 271394K [0x25a00000, 0x3b724000, 0x65a00000)
   the space 357520K,  75% used [0x25a00000, 0x36308960, 0x36308a00, 0x3b724000)
 Metaspace       used 95919K, committed 96512K, reserved 98304K
}
Event: 37.998 GC heap before
{Heap before GC invocations=112 (full 7):
 def new generation   total 161664K, used 152926K [0x05a00000, 0x10960000, 0x25a00000)
  eden space 143744K, 100% used [0x05a00000, 0x0e660000, 0x0e660000)
  from space 17920K,  51% used [0x0e660000, 0x0ef57900, 0x0f7e0000)
  to   space 17920K,   0% used [0x0f7e0000, 0x0f7e0000, 0x10960000)
 tenured generation   total 357520K, used 271394K [0x25a00000, 0x3b724000, 0x65a00000)
   the space 357520K,  75% used [0x25a00000, 0x36308960, 0x36308a00, 0x3b724000)
 Metaspace       used 95930K, committed 96512K, reserved 98304K
}
Event: 38.018 GC heap after
{Heap after GC invocations=113 (full 7):
 def new generation   total 161664K, used 9307K [0x05a00000, 0x10960000, 0x25a00000)
  eden space 143744K,   0% used [0x05a00000, 0x05a00000, 0x0e660000)
  from space 17920K,  51% used [0x0f7e0000, 0x100f6f88, 0x10960000)
  to   space 17920K,   0% used [0x0e660000, 0x0e660000, 0x0f7e0000)
 tenured generation   total 357520K, used 271722K [0x25a00000, 0x3b724000, 0x65a00000)
   the space 357520K,  76% used [0x25a00000, 0x3635aba8, 0x3635ac00, 0x3b724000)
 Metaspace       used 95930K, committed 96512K, reserved 98304K
}
Event: 38.388 GC heap before
{Heap before GC invocations=113 (full 7):
 def new generation   total 161664K, used 153032K [0x05a00000, 0x10960000, 0x25a00000)
  eden space 143744K,  99% used [0x05a00000, 0x0e65b328, 0x0e660000)
  from space 17920K,  51% used [0x0f7e0000, 0x100f6f88, 0x10960000)
  to   space 17920K,   0% used [0x0e660000, 0x0e660000, 0x0f7e0000)
 tenured generation   total 357520K, used 271722K [0x25a00000, 0x3b724000, 0x65a00000)
   the space 357520K,  76% used [0x25a00000, 0x3635aba8, 0x3635ac00, 0x3b724000)
 Metaspace       used 96522K, committed 97152K, reserved 98304K
}
Event: 38.434 GC heap after
{Heap after GC invocations=114 (full 7):
 def new generation   total 161664K, used 14802K [0x05a00000, 0x10960000, 0x25a00000)
  eden space 143744K,   0% used [0x05a00000, 0x05a00000, 0x0e660000)
  from space 17920K,  82% used [0x0e660000, 0x0f4d4b38, 0x0f7e0000)
  to   space 17920K,   0% used [0x0f7e0000, 0x0f7e0000, 0x10960000)
 tenured generation   total 357520K, used 273412K [0x25a00000, 0x3b724000, 0x65a00000)
   the space 357520K,  76% used [0x25a00000, 0x36501020, 0x36501200, 0x3b724000)
 Metaspace       used 96522K, committed 97152K, reserved 98304K
}
Event: 38.695 GC heap before
{Heap before GC invocations=114 (full 7):
 def new generation   total 161664K, used 158546K [0x05a00000, 0x10960000, 0x25a00000)
  eden space 143744K, 100% used [0x05a00000, 0x0e660000, 0x0e660000)
  from space 17920K,  82% used [0x0e660000, 0x0f4d4b38, 0x0f7e0000)
  to   space 17920K,   0% used [0x0f7e0000, 0x0f7e0000, 0x10960000)
 tenured generation   total 357520K, used 273412K [0x25a00000, 0x3b724000, 0x65a00000)
   the space 357520K,  76% used [0x25a00000, 0x36501020, 0x36501200, 0x3b724000)
 Metaspace       used 96640K, committed 97280K, reserved 98304K
}
Event: 38.726 GC heap after
{Heap after GC invocations=115 (full 7):
 def new generation   total 161664K, used 7499K [0x05a00000, 0x10960000, 0x25a00000)
  eden space 143744K,   0% used [0x05a00000, 0x05a00000, 0x0e660000)
  from space 17920K,  41% used [0x0f7e0000, 0x0ff32eb8, 0x10960000)
  to   space 17920K,   0% used [0x0e660000, 0x0e660000, 0x0f7e0000)
 tenured generation   total 357520K, used 279793K [0x25a00000, 0x3b724000, 0x65a00000)
   the space 357520K,  78% used [0x25a00000, 0x36b3c6d0, 0x36b3c800, 0x3b724000)
 Metaspace       used 96640K, committed 97280K, reserved 98304K
}

